[04:50:21] [START] ============================================================
[04:50:21] [START] J1MSKY Autonomous Improver v2.0 Started
[04:50:21] [START] Rate limit protection: ACTIVE
[04:50:21] [START] Challenge: 1:34 AM - 7:00 AM PST
[04:50:21] [START] ============================================================
[04:50:21] [CYCLE] --- Cycle #1 ---
[04:50:23] [OK] Dashboard health: OK
[04:50:23] [WARN] WARNING: High temp 83.263°C
[04:50:23] [OK] System: 83.263°C | Memory: 17.0% | Status: HOT
[04:50:23] [STATUS] Status: 0 tasks | Rate limit: NO
[04:50:23] [SLEEP] Sleeping 5 minutes...
[04:55:23] [CYCLE] --- Cycle #2 ---
[04:55:23] [OK] Dashboard health: OK
[04:55:23] [OK] System: 76.932°C | Memory: 16.6% | Status: OK
[04:55:23] [STATUS] Status: 0 tasks | Rate limit: NO
[04:55:23] [SLEEP] Sleeping 5 minutes...
[05:00:23] [CYCLE] --- Cycle #3 ---
[05:00:23] [OK] Dashboard health: OK
[05:00:23] [WARN] WARNING: High temp 80.828°C
[05:00:23] [OK] System: 80.828°C | Memory: 26.1% | Status: HOT
[05:00:23] [STATUS] Status: 1 tasks | Rate limit: NO
[05:00:23] [SLEEP] Sleeping 5 minutes...
[05:05:23] [CYCLE] --- Cycle #4 ---
[05:05:25] [OK] Dashboard health: OK
[05:05:25] [WARN] WARNING: High temp 82.289°C
[05:05:25] [OK] System: 82.289°C | Memory: 17.6% | Status: HOT
[05:05:25] [STATUS] Status: 1 tasks | Rate limit: NO
[05:05:25] [SLEEP] Sleeping 5 minutes...
[05:10:25] [CYCLE] --- Cycle #5 ---
[05:10:30] [OK] Dashboard health: OK
[05:10:30] [WARN] WARNING: High temp 84.237°C
[05:10:30] [OK] System: 84.237°C | Memory: 21.4% | Status: HOT
[05:10:30] [STATUS] Status: 1 tasks | Rate limit: NO
[05:10:30] [SLEEP] Sleeping 5 minutes...
[05:15:30] [CYCLE] --- Cycle #6 ---
[05:15:30] [OK] Dashboard health: OK
[05:15:30] [OK] System: 75.471°C | Memory: 17.6% | Status: OK
[05:15:30] [OK] Updated OFFICE.md
[05:15:30] [STATUS] Status: 2 tasks | Rate limit: NO
[05:15:30] [SLEEP] Sleeping 5 minutes...
[05:20:30] [CYCLE] --- Cycle #7 ---
[05:20:39] [OK] Dashboard health: OK
[05:20:39] [WARN] WARNING: High temp 82.776°C
[05:20:39] [OK] System: 82.776°C | Memory: 20.1% | Status: HOT
[05:20:39] [STATUS] Status: 2 tasks | Rate limit: NO
[05:20:39] [SLEEP] Sleeping 5 minutes...
